<!DOCTYPE html PUBLIC "-//W3C//DTD XHTML 1.1//EN" "https://www.w3.org/TR/xhtml11/DTD/xhtml11.dtd">
<html xmlns="https://www.w3.org/1999/xhtml">
<head>
<meta http-equiv="content-type" content="text/html; charset=UTF-8"/>
<title>TestNG Report</title>
<style type="text/css">table {margin-bottom:10px;border-collapse:collapse;empty-cells:show}th,td {border:1px solid #009;padding:.25em .5em}th {vertical-align:bottom}td {vertical-align:top}table a {font-weight:bold}.stripe td {background-color: #E6EBF9}.num {text-align:right}.passedodd td {background-color: #3F3}.passedeven td {background-color: #0A0}.skippedodd td {background-color: #DDD}.skippedeven td {background-color: #CCC}.failedodd td,.attn {background-color: #F33}.failedeven td,.stripe .attn {background-color: #D00}.stacktrace {white-space:pre;font-family:monospace}.totop {font-size:85%;text-align:center;border-bottom:2px solid #000}.invisible {display:none}</style>
</head>
<body>
<table>
<tr><th>Test</th><th># Passed</th><th># Skipped</th><th># Retried</th><th># Failed</th><th>Time (ms)</th><th>Included Groups</th><th>Excluded Groups</th></tr>
<tr><th colspan="8">MasterSuite</th></tr>
<tr><td><a href="#t0">chrometest</a></td><td class="num">0</td><td class="num">0</td><td class="num">0</td><td class="num attn">5</td><td class="num">122</td><td></td><td></td></tr>
<tr class="stripe"><td><a href="#t1">edgetest</a></td><td class="num">0</td><td class="num">0</td><td class="num">0</td><td class="num attn">5</td><td class="num">16</td><td></td><td></td></tr>
<tr><td><a href="#t2">safaritest</a></td><td class="num">0</td><td class="num">0</td><td class="num">0</td><td class="num attn">5</td><td class="num">12</td><td></td><td></td></tr>
<tr class="stripe"><td><a href="#t3">firefoxtest</a></td><td class="num">0</td><td class="num">0</td><td class="num">0</td><td class="num attn">5</td><td class="num">10</td><td></td><td></td></tr>
<tr><th>Total</th><th class="num">0</th><th class="num">0</th><th class="num">0</th><th class="num attn">20</th><th class="num">160</th><th colspan="2"></th></tr>
</table>
<table id='summary'><thead><tr><th>Class</th><th>Method</th><th>Start</th><th>Time (ms)</th></tr></thead><tbody><tr><th colspan="4">MasterSuite</th></tr></tbody><tbody id="t0"><tr><th colspan="4">chrometest &#8212; failed</th></tr><tr class="failedeven"><td rowspan="5">Hybrid_Test_Runner</td><td><a href="#m0">runScenario</a></td><td rowspan="5">1754534408551</td><td rowspan="5">3</td></tr><tr class="failedeven"><td><a href="#m1">runScenario</a></td></tr><tr class="failedeven"><td><a href="#m2">runScenario</a></td></tr><tr class="failedeven"><td><a href="#m3">runScenario</a></td></tr><tr class="failedeven"><td><a href="#m4">runScenario</a></td></tr></tbody>
<tbody id="t1"><tr><th colspan="4">edgetest &#8212; failed</th></tr><tr class="failedeven"><td rowspan="5">Hybrid_Test_Runner</td><td><a href="#m5">runScenario</a></td><td rowspan="5">1754534408595</td><td rowspan="5">2</td></tr><tr class="failedeven"><td><a href="#m6">runScenario</a></td></tr><tr class="failedeven"><td><a href="#m7">runScenario</a></td></tr><tr class="failedeven"><td><a href="#m8">runScenario</a></td></tr><tr class="failedeven"><td><a href="#m9">runScenario</a></td></tr></tbody>
<tbody id="t2"><tr><th colspan="4">safaritest &#8212; failed</th></tr><tr class="failedeven"><td rowspan="5">Hybrid_Test_Runner</td><td><a href="#m10">runScenario</a></td><td rowspan="5">1754534408611</td><td rowspan="5">1</td></tr><tr class="failedeven"><td><a href="#m11">runScenario</a></td></tr><tr class="failedeven"><td><a href="#m12">runScenario</a></td></tr><tr class="failedeven"><td><a href="#m13">runScenario</a></td></tr><tr class="failedeven"><td><a href="#m14">runScenario</a></td></tr></tbody>
<tbody id="t3"><tr><th colspan="4">firefoxtest &#8212; failed</th></tr><tr class="failedeven"><td rowspan="5">Hybrid_Test_Runner</td><td><a href="#m15">runScenario</a></td><td rowspan="5">1754534408628</td><td rowspan="5">1</td></tr><tr class="failedeven"><td><a href="#m16">runScenario</a></td></tr><tr class="failedeven"><td><a href="#m17">runScenario</a></td></tr><tr class="failedeven"><td><a href="#m18">runScenario</a></td></tr><tr class="failedeven"><td><a href="#m19">runScenario</a></td></tr></tbody>
</table>
<h2>chrometest</h2><h3 id="m0">Hybrid_Test_Runner#runScenario</h3><table class="result"><tr class="param"><th>Parameter #1</th><th>Parameter #2</th></tr><tr class="param stripe"><td>&quot;Testing login with different data&quot;</td><td>&quot;Login Funtionality Testing&quot;</td></tr><tr><th colspan="2">Exception</th></tr><tr><td colspan="2"><div class="stacktrace">java.lang.NullPointerException: Cannot invoke &quot;org.openqa.selenium.WebDriver.manage()&quot; because &quot;this.driver&quot; is null
	at stepdefinitions.Login_steps.browser_launch(Login_steps.java:24)
	at ✽.Browser has launched(file:///Users/balaseshagiriprasadmunagala/eclipse-workspace/Hybrid_Automation_Framework/Features/LoginFeature.feature:13)
</div></td></tr></table><p class="totop"><a href="#summary">back to summary</a></p>
<h3 id="m1">Hybrid_Test_Runner#runScenario</h3><table class="result"><tr class="param"><th>Parameter #1</th><th>Parameter #2</th></tr><tr class="param stripe"><td>&quot;Testing login with different data&quot;</td><td>&quot;Login Funtionality Testing&quot;</td></tr><tr><th colspan="2">Exception</th></tr><tr><td colspan="2"><div class="stacktrace">java.lang.NullPointerException: Cannot invoke &quot;org.openqa.selenium.WebDriver.manage()&quot; because &quot;this.driver&quot; is null
	at stepdefinitions.Login_steps.browser_launch(Login_steps.java:24)
	at ✽.Browser has launched(file:///Users/balaseshagiriprasadmunagala/eclipse-workspace/Hybrid_Automation_Framework/Features/LoginFeature.feature:13)
</div></td></tr></table><p class="totop"><a href="#summary">back to summary</a></p>
<h3 id="m2">Hybrid_Test_Runner#runScenario</h3><table class="result"><tr class="param"><th>Parameter #1</th><th>Parameter #2</th></tr><tr class="param stripe"><td>&quot;Testing login with different data&quot;</td><td>&quot;Login Funtionality Testing&quot;</td></tr><tr><th colspan="2">Exception</th></tr><tr><td colspan="2"><div class="stacktrace">java.lang.NullPointerException: Cannot invoke &quot;org.openqa.selenium.WebDriver.manage()&quot; because &quot;this.driver&quot; is null
	at stepdefinitions.Login_steps.browser_launch(Login_steps.java:24)
	at ✽.Browser has launched(file:///Users/balaseshagiriprasadmunagala/eclipse-workspace/Hybrid_Automation_Framework/Features/LoginFeature.feature:13)
</div></td></tr></table><p class="totop"><a href="#summary">back to summary</a></p>
<h3 id="m3">Hybrid_Test_Runner#runScenario</h3><table class="result"><tr class="param"><th>Parameter #1</th><th>Parameter #2</th></tr><tr class="param stripe"><td>&quot;&quot;</td><td>&quot;Login Funtionality Testing&quot;</td></tr><tr><th colspan="2">Exception</th></tr><tr><td colspan="2"><div class="stacktrace">java.lang.NullPointerException: Cannot invoke &quot;org.openqa.selenium.WebDriver.manage()&quot; because &quot;this.driver&quot; is null
	at stepdefinitions.Login_steps.browser_launch(Login_steps.java:24)
	at ✽.Browser has launched(file:///Users/balaseshagiriprasadmunagala/eclipse-workspace/Hybrid_Automation_Framework/Features/LoginFeature.feature:4)
</div></td></tr></table><p class="totop"><a href="#summary">back to summary</a></p>
<h3 id="m4">Hybrid_Test_Runner#runScenario</h3><table class="result"><tr class="param"><th>Parameter #1</th><th>Parameter #2</th></tr><tr class="param stripe"><td>&quot;Testing login with different data&quot;</td><td>&quot;Login Funtionality Testing&quot;</td></tr><tr><th colspan="2">Exception</th></tr><tr><td colspan="2"><div class="stacktrace">java.lang.NullPointerException: Cannot invoke &quot;org.openqa.selenium.WebDriver.manage()&quot; because &quot;this.driver&quot; is null
	at stepdefinitions.Login_steps.browser_launch(Login_steps.java:24)
	at ✽.Browser has launched(file:///Users/balaseshagiriprasadmunagala/eclipse-workspace/Hybrid_Automation_Framework/Features/LoginFeature.feature:13)
</div></td></tr></table><p class="totop"><a href="#summary">back to summary</a></p>
<h2>edgetest</h2><h3 id="m5">Hybrid_Test_Runner#runScenario</h3><table class="result"><tr class="param"><th>Parameter #1</th><th>Parameter #2</th></tr><tr class="param stripe"><td>&quot;Testing login with different data&quot;</td><td>&quot;Login Funtionality Testing&quot;</td></tr><tr><th colspan="2">Exception</th></tr><tr><td colspan="2"><div class="stacktrace">java.lang.NullPointerException: Cannot invoke &quot;org.openqa.selenium.WebDriver.manage()&quot; because &quot;this.driver&quot; is null
	at stepdefinitions.Login_steps.browser_launch(Login_steps.java:24)
	at ✽.Browser has launched(file:///Users/balaseshagiriprasadmunagala/eclipse-workspace/Hybrid_Automation_Framework/Features/LoginFeature.feature:13)
</div></td></tr></table><p class="totop"><a href="#summary">back to summary</a></p>
<h3 id="m6">Hybrid_Test_Runner#runScenario</h3><table class="result"><tr class="param"><th>Parameter #1</th><th>Parameter #2</th></tr><tr class="param stripe"><td>&quot;&quot;</td><td>&quot;Login Funtionality Testing&quot;</td></tr><tr><th colspan="2">Exception</th></tr><tr><td colspan="2"><div class="stacktrace">java.lang.NullPointerException: Cannot invoke &quot;org.openqa.selenium.WebDriver.manage()&quot; because &quot;this.driver&quot; is null
	at stepdefinitions.Login_steps.browser_launch(Login_steps.java:24)
	at ✽.Browser has launched(file:///Users/balaseshagiriprasadmunagala/eclipse-workspace/Hybrid_Automation_Framework/Features/LoginFeature.feature:4)
</div></td></tr></table><p class="totop"><a href="#summary">back to summary</a></p>
<h3 id="m7">Hybrid_Test_Runner#runScenario</h3><table class="result"><tr class="param"><th>Parameter #1</th><th>Parameter #2</th></tr><tr class="param stripe"><td>&quot;Testing login with different data&quot;</td><td>&quot;Login Funtionality Testing&quot;</td></tr><tr><th colspan="2">Exception</th></tr><tr><td colspan="2"><div class="stacktrace">java.lang.NullPointerException: Cannot invoke &quot;org.openqa.selenium.WebDriver.manage()&quot; because &quot;this.driver&quot; is null
	at stepdefinitions.Login_steps.browser_launch(Login_steps.java:24)
	at ✽.Browser has launched(file:///Users/balaseshagiriprasadmunagala/eclipse-workspace/Hybrid_Automation_Framework/Features/LoginFeature.feature:13)
</div></td></tr></table><p class="totop"><a href="#summary">back to summary</a></p>
<h3 id="m8">Hybrid_Test_Runner#runScenario</h3><table class="result"><tr class="param"><th>Parameter #1</th><th>Parameter #2</th></tr><tr class="param stripe"><td>&quot;Testing login with different data&quot;</td><td>&quot;Login Funtionality Testing&quot;</td></tr><tr><th colspan="2">Exception</th></tr><tr><td colspan="2"><div class="stacktrace">java.lang.NullPointerException: Cannot invoke &quot;org.openqa.selenium.WebDriver.manage()&quot; because &quot;this.driver&quot; is null
	at stepdefinitions.Login_steps.browser_launch(Login_steps.java:24)
	at ✽.Browser has launched(file:///Users/balaseshagiriprasadmunagala/eclipse-workspace/Hybrid_Automation_Framework/Features/LoginFeature.feature:13)
</div></td></tr></table><p class="totop"><a href="#summary">back to summary</a></p>
<h3 id="m9">Hybrid_Test_Runner#runScenario</h3><table class="result"><tr class="param"><th>Parameter #1</th><th>Parameter #2</th></tr><tr class="param stripe"><td>&quot;Testing login with different data&quot;</td><td>&quot;Login Funtionality Testing&quot;</td></tr><tr><th colspan="2">Exception</th></tr><tr><td colspan="2"><div class="stacktrace">java.lang.NullPointerException: Cannot invoke &quot;org.openqa.selenium.WebDriver.manage()&quot; because &quot;this.driver&quot; is null
	at stepdefinitions.Login_steps.browser_launch(Login_steps.java:24)
	at ✽.Browser has launched(file:///Users/balaseshagiriprasadmunagala/eclipse-workspace/Hybrid_Automation_Framework/Features/LoginFeature.feature:13)
</div></td></tr></table><p class="totop"><a href="#summary">back to summary</a></p>
<h2>safaritest</h2><h3 id="m10">Hybrid_Test_Runner#runScenario</h3><table class="result"><tr class="param"><th>Parameter #1</th><th>Parameter #2</th></tr><tr class="param stripe"><td>&quot;Testing login with different data&quot;</td><td>&quot;Login Funtionality Testing&quot;</td></tr><tr><th colspan="2">Exception</th></tr><tr><td colspan="2"><div class="stacktrace">java.lang.NullPointerException: Cannot invoke &quot;org.openqa.selenium.WebDriver.manage()&quot; because &quot;this.driver&quot; is null
	at stepdefinitions.Login_steps.browser_launch(Login_steps.java:24)
	at ✽.Browser has launched(file:///Users/balaseshagiriprasadmunagala/eclipse-workspace/Hybrid_Automation_Framework/Features/LoginFeature.feature:13)
</div></td></tr></table><p class="totop"><a href="#summary">back to summary</a></p>
<h3 id="m11">Hybrid_Test_Runner#runScenario</h3><table class="result"><tr class="param"><th>Parameter #1</th><th>Parameter #2</th></tr><tr class="param stripe"><td>&quot;Testing login with different data&quot;</td><td>&quot;Login Funtionality Testing&quot;</td></tr><tr><th colspan="2">Exception</th></tr><tr><td colspan="2"><div class="stacktrace">java.lang.NullPointerException: Cannot invoke &quot;org.openqa.selenium.WebDriver.manage()&quot; because &quot;this.driver&quot; is null
	at stepdefinitions.Login_steps.browser_launch(Login_steps.java:24)
	at ✽.Browser has launched(file:///Users/balaseshagiriprasadmunagala/eclipse-workspace/Hybrid_Automation_Framework/Features/LoginFeature.feature:13)
</div></td></tr></table><p class="totop"><a href="#summary">back to summary</a></p>
<h3 id="m12">Hybrid_Test_Runner#runScenario</h3><table class="result"><tr class="param"><th>Parameter #1</th><th>Parameter #2</th></tr><tr class="param stripe"><td>&quot;&quot;</td><td>&quot;Login Funtionality Testing&quot;</td></tr><tr><th colspan="2">Exception</th></tr><tr><td colspan="2"><div class="stacktrace">java.lang.NullPointerException: Cannot invoke &quot;org.openqa.selenium.WebDriver.manage()&quot; because &quot;this.driver&quot; is null
	at stepdefinitions.Login_steps.browser_launch(Login_steps.java:24)
	at ✽.Browser has launched(file:///Users/balaseshagiriprasadmunagala/eclipse-workspace/Hybrid_Automation_Framework/Features/LoginFeature.feature:4)
</div></td></tr></table><p class="totop"><a href="#summary">back to summary</a></p>
<h3 id="m13">Hybrid_Test_Runner#runScenario</h3><table class="result"><tr class="param"><th>Parameter #1</th><th>Parameter #2</th></tr><tr class="param stripe"><td>&quot;Testing login with different data&quot;</td><td>&quot;Login Funtionality Testing&quot;</td></tr><tr><th colspan="2">Exception</th></tr><tr><td colspan="2"><div class="stacktrace">java.lang.NullPointerException: Cannot invoke &quot;org.openqa.selenium.WebDriver.manage()&quot; because &quot;this.driver&quot; is null
	at stepdefinitions.Login_steps.browser_launch(Login_steps.java:24)
	at ✽.Browser has launched(file:///Users/balaseshagiriprasadmunagala/eclipse-workspace/Hybrid_Automation_Framework/Features/LoginFeature.feature:13)
</div></td></tr></table><p class="totop"><a href="#summary">back to summary</a></p>
<h3 id="m14">Hybrid_Test_Runner#runScenario</h3><table class="result"><tr class="param"><th>Parameter #1</th><th>Parameter #2</th></tr><tr class="param stripe"><td>&quot;Testing login with different data&quot;</td><td>&quot;Login Funtionality Testing&quot;</td></tr><tr><th colspan="2">Exception</th></tr><tr><td colspan="2"><div class="stacktrace">java.lang.NullPointerException: Cannot invoke &quot;org.openqa.selenium.WebDriver.manage()&quot; because &quot;this.driver&quot; is null
	at stepdefinitions.Login_steps.browser_launch(Login_steps.java:24)
	at ✽.Browser has launched(file:///Users/balaseshagiriprasadmunagala/eclipse-workspace/Hybrid_Automation_Framework/Features/LoginFeature.feature:13)
</div></td></tr></table><p class="totop"><a href="#summary">back to summary</a></p>
<h2>firefoxtest</h2><h3 id="m15">Hybrid_Test_Runner#runScenario</h3><table class="result"><tr class="param"><th>Parameter #1</th><th>Parameter #2</th></tr><tr class="param stripe"><td>&quot;Testing login with different data&quot;</td><td>&quot;Login Funtionality Testing&quot;</td></tr><tr><th colspan="2">Exception</th></tr><tr><td colspan="2"><div class="stacktrace">java.lang.NullPointerException: Cannot invoke &quot;org.openqa.selenium.WebDriver.manage()&quot; because &quot;this.driver&quot; is null
	at stepdefinitions.Login_steps.browser_launch(Login_steps.java:24)
	at ✽.Browser has launched(file:///Users/balaseshagiriprasadmunagala/eclipse-workspace/Hybrid_Automation_Framework/Features/LoginFeature.feature:13)
</div></td></tr></table><p class="totop"><a href="#summary">back to summary</a></p>
<h3 id="m16">Hybrid_Test_Runner#runScenario</h3><table class="result"><tr class="param"><th>Parameter #1</th><th>Parameter #2</th></tr><tr class="param stripe"><td>&quot;Testing login with different data&quot;</td><td>&quot;Login Funtionality Testing&quot;</td></tr><tr><th colspan="2">Exception</th></tr><tr><td colspan="2"><div class="stacktrace">java.lang.NullPointerException: Cannot invoke &quot;org.openqa.selenium.WebDriver.manage()&quot; because &quot;this.driver&quot; is null
	at stepdefinitions.Login_steps.browser_launch(Login_steps.java:24)
	at ✽.Browser has launched(file:///Users/balaseshagiriprasadmunagala/eclipse-workspace/Hybrid_Automation_Framework/Features/LoginFeature.feature:13)
</div></td></tr></table><p class="totop"><a href="#summary">back to summary</a></p>
<h3 id="m17">Hybrid_Test_Runner#runScenario</h3><table class="result"><tr class="param"><th>Parameter #1</th><th>Parameter #2</th></tr><tr class="param stripe"><td>&quot;&quot;</td><td>&quot;Login Funtionality Testing&quot;</td></tr><tr><th colspan="2">Exception</th></tr><tr><td colspan="2"><div class="stacktrace">java.lang.NullPointerException: Cannot invoke &quot;org.openqa.selenium.WebDriver.manage()&quot; because &quot;this.driver&quot; is null
	at stepdefinitions.Login_steps.browser_launch(Login_steps.java:24)
	at ✽.Browser has launched(file:///Users/balaseshagiriprasadmunagala/eclipse-workspace/Hybrid_Automation_Framework/Features/LoginFeature.feature:4)
</div></td></tr></table><p class="totop"><a href="#summary">back to summary</a></p>
<h3 id="m18">Hybrid_Test_Runner#runScenario</h3><table class="result"><tr class="param"><th>Parameter #1</th><th>Parameter #2</th></tr><tr class="param stripe"><td>&quot;Testing login with different data&quot;</td><td>&quot;Login Funtionality Testing&quot;</td></tr><tr><th colspan="2">Exception</th></tr><tr><td colspan="2"><div class="stacktrace">java.lang.NullPointerException: Cannot invoke &quot;org.openqa.selenium.WebDriver.manage()&quot; because &quot;this.driver&quot; is null
	at stepdefinitions.Login_steps.browser_launch(Login_steps.java:24)
	at ✽.Browser has launched(file:///Users/balaseshagiriprasadmunagala/eclipse-workspace/Hybrid_Automation_Framework/Features/LoginFeature.feature:13)
</div></td></tr></table><p class="totop"><a href="#summary">back to summary</a></p>
<h3 id="m19">Hybrid_Test_Runner#runScenario</h3><table class="result"><tr class="param"><th>Parameter #1</th><th>Parameter #2</th></tr><tr class="param stripe"><td>&quot;Testing login with different data&quot;</td><td>&quot;Login Funtionality Testing&quot;</td></tr><tr><th colspan="2">Exception</th></tr><tr><td colspan="2"><div class="stacktrace">java.lang.NullPointerException: Cannot invoke &quot;org.openqa.selenium.WebDriver.manage()&quot; because &quot;this.driver&quot; is null
	at stepdefinitions.Login_steps.browser_launch(Login_steps.java:24)
	at ✽.Browser has launched(file:///Users/balaseshagiriprasadmunagala/eclipse-workspace/Hybrid_Automation_Framework/Features/LoginFeature.feature:13)
</div></td></tr></table><p class="totop"><a href="#summary">back to summary</a></p>
</body>
</html>
