<?xml version="1.0" encoding="UTF-8"?>
<testng-results ignored="0" total="20" passed="0" failed="20" skipped="0">
  <reporter-output>
  </reporter-output>
  <suite started-at="2025-08-07T08:10:08 IST" name="MasterSuite" finished-at="2025-08-07T08:10:08 IST" duration-ms="194">
    <groups>
      <group name="cucumber">
        <method signature="AbstractTestNGCucumberTests.runScenario(io.cucumber.testng.PickleWrapper,io.cucumber.testng.FeatureWrapper)[pri:0, instance:Hybrid_Test_Runner@436813f3]" name="runScenario" class="io.cucumber.testng.AbstractTestNGCucumberTests"/>
        <method signature="AbstractTestNGCucumberTests.runScenario(io.cucumber.testng.PickleWrapper,io.cucumber.testng.FeatureWrapper)[pri:0, instance:Hybrid_Test_Runner@4135c3b]" name="runScenario" class="io.cucumber.testng.AbstractTestNGCucumberTests"/>
        <method signature="AbstractTestNGCucumberTests.runScenario(io.cucumber.testng.PickleWrapper,io.cucumber.testng.FeatureWrapper)[pri:0, instance:Hybrid_Test_Runner@5c6648b0]" name="runScenario" class="io.cucumber.testng.AbstractTestNGCucumberTests"/>
        <method signature="AbstractTestNGCucumberTests.runScenario(io.cucumber.testng.PickleWrapper,io.cucumber.testng.FeatureWrapper)[pri:0, instance:Hybrid_Test_Runner@7c7b252e]" name="runScenario" class="io.cucumber.testng.AbstractTestNGCucumberTests"/>
      </group> <!-- cucumber -->
    </groups>
    <test started-at="2025-08-07T08:10:08 IST" name="chrometest" finished-at="2025-08-07T08:10:08 IST" duration-ms="122">
      <class name="Hybrid_Test_Runner">
        <test-method is-config="true" signature="setUpClass(org.testng.ITestContext)[pri:0, instance:Hybrid_Test_Runner@436813f3]" started-at="2025-08-07T08:10:08 IST" name="setUpClass" finished-at="2025-08-07T08:10:08 IST" duration-ms="67" status="PASS">
          <params>
            <param index="0">
              <value>
                <![CDATA[org.testng.TestRunner@49cb9cb5]]>
              </value>
            </param>
          </params>
          <reporter-output>
          </reporter-output>
        </test-method> <!-- setUpClass -->
        <test-method signature="runScenario(io.cucumber.testng.PickleWrapper,io.cucumber.testng.FeatureWrapper)[pri:0, instance:Hybrid_Test_Runner@436813f3]" started-at="2025-08-07T08:10:08 IST" name="runScenario" description="Runs Cucumber Scenarios" data-provider="scenarios" finished-at="2025-08-07T08:10:08 IST" duration-ms="26" status="FAIL">
          <params>
            <param index="0">
              <value>
                <![CDATA[""]]>
              </value>
            </param>
            <param index="1">
              <value>
                <![CDATA["Login Funtionality Testing"]]>
              </value>
            </param>
          </params>
          <exception class="java.lang.NullPointerException">
            <message>
              <![CDATA[Cannot invoke "org.openqa.selenium.WebDriver.manage()" because "this.driver" is null]]>
            </message>
            <full-stacktrace>
              <![CDATA[java.lang.NullPointerException: Cannot invoke "org.openqa.selenium.WebDriver.manage()" because "this.driver" is null
at stepdefinitions.Login_steps.browser_launch(Login_steps.java:24)
at ✽.Browser has launched(file:///Users/balaseshagiriprasadmunagala/eclipse-workspace/Hybrid_Automation_Framework/Features/LoginFeature.feature:4)
]]>
            </full-stacktrace>
          </exception> <!-- java.lang.NullPointerException -->
          <reporter-output>
          </reporter-output>
        </test-method> <!-- runScenario -->
        <test-method signature="runScenario(io.cucumber.testng.PickleWrapper,io.cucumber.testng.FeatureWrapper)[pri:0, instance:Hybrid_Test_Runner@436813f3]" started-at="2025-08-07T08:10:08 IST" name="runScenario" description="Runs Cucumber Scenarios" data-provider="scenarios" finished-at="2025-08-07T08:10:08 IST" duration-ms="4" status="FAIL">
          <params>
            <param index="0">
              <value>
                <![CDATA["Testing login with different data"]]>
              </value>
            </param>
            <param index="1">
              <value>
                <![CDATA["Login Funtionality Testing"]]>
              </value>
            </param>
          </params>
          <exception class="java.lang.NullPointerException">
            <message>
              <![CDATA[Cannot invoke "org.openqa.selenium.WebDriver.manage()" because "this.driver" is null]]>
            </message>
            <full-stacktrace>
              <![CDATA[java.lang.NullPointerException: Cannot invoke "org.openqa.selenium.WebDriver.manage()" because "this.driver" is null
at stepdefinitions.Login_steps.browser_launch(Login_steps.java:24)
at ✽.Browser has launched(file:///Users/balaseshagiriprasadmunagala/eclipse-workspace/Hybrid_Automation_Framework/Features/LoginFeature.feature:13)
]]>
            </full-stacktrace>
          </exception> <!-- java.lang.NullPointerException -->
          <reporter-output>
          </reporter-output>
        </test-method> <!-- runScenario -->
        <test-method signature="runScenario(io.cucumber.testng.PickleWrapper,io.cucumber.testng.FeatureWrapper)[pri:0, instance:Hybrid_Test_Runner@436813f3]" started-at="2025-08-07T08:10:08 IST" name="runScenario" description="Runs Cucumber Scenarios" data-provider="scenarios" finished-at="2025-08-07T08:10:08 IST" duration-ms="3" status="FAIL">
          <params>
            <param index="0">
              <value>
                <![CDATA["Testing login with different data"]]>
              </value>
            </param>
            <param index="1">
              <value>
                <![CDATA["Login Funtionality Testing"]]>
              </value>
            </param>
          </params>
          <exception class="java.lang.NullPointerException">
            <message>
              <![CDATA[Cannot invoke "org.openqa.selenium.WebDriver.manage()" because "this.driver" is null]]>
            </message>
            <full-stacktrace>
              <![CDATA[java.lang.NullPointerException: Cannot invoke "org.openqa.selenium.WebDriver.manage()" because "this.driver" is null
at stepdefinitions.Login_steps.browser_launch(Login_steps.java:24)
at ✽.Browser has launched(file:///Users/balaseshagiriprasadmunagala/eclipse-workspace/Hybrid_Automation_Framework/Features/LoginFeature.feature:13)
]]>
            </full-stacktrace>
          </exception> <!-- java.lang.NullPointerException -->
          <reporter-output>
          </reporter-output>
        </test-method> <!-- runScenario -->
        <test-method signature="runScenario(io.cucumber.testng.PickleWrapper,io.cucumber.testng.FeatureWrapper)[pri:0, instance:Hybrid_Test_Runner@436813f3]" started-at="2025-08-07T08:10:08 IST" name="runScenario" description="Runs Cucumber Scenarios" data-provider="scenarios" finished-at="2025-08-07T08:10:08 IST" duration-ms="3" status="FAIL">
          <params>
            <param index="0">
              <value>
                <![CDATA["Testing login with different data"]]>
              </value>
            </param>
            <param index="1">
              <value>
                <![CDATA["Login Funtionality Testing"]]>
              </value>
            </param>
          </params>
          <exception class="java.lang.NullPointerException">
            <message>
              <![CDATA[Cannot invoke "org.openqa.selenium.WebDriver.manage()" because "this.driver" is null]]>
            </message>
            <full-stacktrace>
              <![CDATA[java.lang.NullPointerException: Cannot invoke "org.openqa.selenium.WebDriver.manage()" because "this.driver" is null
at stepdefinitions.Login_steps.browser_launch(Login_steps.java:24)
at ✽.Browser has launched(file:///Users/balaseshagiriprasadmunagala/eclipse-workspace/Hybrid_Automation_Framework/Features/LoginFeature.feature:13)
]]>
            </full-stacktrace>
          </exception> <!-- java.lang.NullPointerException -->
          <reporter-output>
          </reporter-output>
        </test-method> <!-- runScenario -->
        <test-method signature="runScenario(io.cucumber.testng.PickleWrapper,io.cucumber.testng.FeatureWrapper)[pri:0, instance:Hybrid_Test_Runner@436813f3]" started-at="2025-08-07T08:10:08 IST" name="runScenario" description="Runs Cucumber Scenarios" data-provider="scenarios" finished-at="2025-08-07T08:10:08 IST" duration-ms="3" status="FAIL">
          <params>
            <param index="0">
              <value>
                <![CDATA["Testing login with different data"]]>
              </value>
            </param>
            <param index="1">
              <value>
                <![CDATA["Login Funtionality Testing"]]>
              </value>
            </param>
          </params>
          <exception class="java.lang.NullPointerException">
            <message>
              <![CDATA[Cannot invoke "org.openqa.selenium.WebDriver.manage()" because "this.driver" is null]]>
            </message>
            <full-stacktrace>
              <![CDATA[java.lang.NullPointerException: Cannot invoke "org.openqa.selenium.WebDriver.manage()" because "this.driver" is null
at stepdefinitions.Login_steps.browser_launch(Login_steps.java:24)
at ✽.Browser has launched(file:///Users/balaseshagiriprasadmunagala/eclipse-workspace/Hybrid_Automation_Framework/Features/LoginFeature.feature:13)
]]>
            </full-stacktrace>
          </exception> <!-- java.lang.NullPointerException -->
          <reporter-output>
          </reporter-output>
        </test-method> <!-- runScenario -->
        <test-method is-config="true" signature="tearDownClass()[pri:0, instance:Hybrid_Test_Runner@436813f3]" started-at="2025-08-07T08:10:08 IST" name="tearDownClass" finished-at="2025-08-07T08:10:08 IST" duration-ms="2" status="PASS">
          <reporter-output>
          </reporter-output>
        </test-method> <!-- tearDownClass -->
      </class> <!-- Hybrid_Test_Runner -->
    </test> <!-- chrometest -->
    <test started-at="2025-08-07T08:10:08 IST" name="edgetest" finished-at="2025-08-07T08:10:08 IST" duration-ms="16">
      <class name="Hybrid_Test_Runner">
        <test-method is-config="true" signature="setUpClass(org.testng.ITestContext)[pri:0, instance:Hybrid_Test_Runner@4135c3b]" started-at="2025-08-07T08:10:08 IST" name="setUpClass" finished-at="2025-08-07T08:10:08 IST" duration-ms="4" status="PASS">
          <params>
            <param index="0">
              <value>
                <![CDATA[org.testng.TestRunner@55322aab]]>
              </value>
            </param>
          </params>
          <reporter-output>
          </reporter-output>
        </test-method> <!-- setUpClass -->
        <test-method signature="runScenario(io.cucumber.testng.PickleWrapper,io.cucumber.testng.FeatureWrapper)[pri:0, instance:Hybrid_Test_Runner@4135c3b]" started-at="2025-08-07T08:10:08 IST" name="runScenario" description="Runs Cucumber Scenarios" data-provider="scenarios" finished-at="2025-08-07T08:10:08 IST" duration-ms="2" status="FAIL">
          <params>
            <param index="0">
              <value>
                <![CDATA[""]]>
              </value>
            </param>
            <param index="1">
              <value>
                <![CDATA["Login Funtionality Testing"]]>
              </value>
            </param>
          </params>
          <exception class="java.lang.NullPointerException">
            <message>
              <![CDATA[Cannot invoke "org.openqa.selenium.WebDriver.manage()" because "this.driver" is null]]>
            </message>
            <full-stacktrace>
              <![CDATA[java.lang.NullPointerException: Cannot invoke "org.openqa.selenium.WebDriver.manage()" because "this.driver" is null
at stepdefinitions.Login_steps.browser_launch(Login_steps.java:24)
at ✽.Browser has launched(file:///Users/balaseshagiriprasadmunagala/eclipse-workspace/Hybrid_Automation_Framework/Features/LoginFeature.feature:4)
]]>
            </full-stacktrace>
          </exception> <!-- java.lang.NullPointerException -->
          <reporter-output>
          </reporter-output>
        </test-method> <!-- runScenario -->
        <test-method signature="runScenario(io.cucumber.testng.PickleWrapper,io.cucumber.testng.FeatureWrapper)[pri:0, instance:Hybrid_Test_Runner@4135c3b]" started-at="2025-08-07T08:10:08 IST" name="runScenario" description="Runs Cucumber Scenarios" data-provider="scenarios" finished-at="2025-08-07T08:10:08 IST" duration-ms="1" status="FAIL">
          <params>
            <param index="0">
              <value>
                <![CDATA["Testing login with different data"]]>
              </value>
            </param>
            <param index="1">
              <value>
                <![CDATA["Login Funtionality Testing"]]>
              </value>
            </param>
          </params>
          <exception class="java.lang.NullPointerException">
            <message>
              <![CDATA[Cannot invoke "org.openqa.selenium.WebDriver.manage()" because "this.driver" is null]]>
            </message>
            <full-stacktrace>
              <![CDATA[java.lang.NullPointerException: Cannot invoke "org.openqa.selenium.WebDriver.manage()" because "this.driver" is null
at stepdefinitions.Login_steps.browser_launch(Login_steps.java:24)
at ✽.Browser has launched(file:///Users/balaseshagiriprasadmunagala/eclipse-workspace/Hybrid_Automation_Framework/Features/LoginFeature.feature:13)
]]>
            </full-stacktrace>
          </exception> <!-- java.lang.NullPointerException -->
          <reporter-output>
          </reporter-output>
        </test-method> <!-- runScenario -->
        <test-method signature="runScenario(io.cucumber.testng.PickleWrapper,io.cucumber.testng.FeatureWrapper)[pri:0, instance:Hybrid_Test_Runner@4135c3b]" started-at="2025-08-07T08:10:08 IST" name="runScenario" description="Runs Cucumber Scenarios" data-provider="scenarios" finished-at="2025-08-07T08:10:08 IST" duration-ms="2" status="FAIL">
          <params>
            <param index="0">
              <value>
                <![CDATA["Testing login with different data"]]>
              </value>
            </param>
            <param index="1">
              <value>
                <![CDATA["Login Funtionality Testing"]]>
              </value>
            </param>
          </params>
          <exception class="java.lang.NullPointerException">
            <message>
              <![CDATA[Cannot invoke "org.openqa.selenium.WebDriver.manage()" because "this.driver" is null]]>
            </message>
            <full-stacktrace>
              <![CDATA[java.lang.NullPointerException: Cannot invoke "org.openqa.selenium.WebDriver.manage()" because "this.driver" is null
at stepdefinitions.Login_steps.browser_launch(Login_steps.java:24)
at ✽.Browser has launched(file:///Users/balaseshagiriprasadmunagala/eclipse-workspace/Hybrid_Automation_Framework/Features/LoginFeature.feature:13)
]]>
            </full-stacktrace>
          </exception> <!-- java.lang.NullPointerException -->
          <reporter-output>
          </reporter-output>
        </test-method> <!-- runScenario -->
        <test-method signature="runScenario(io.cucumber.testng.PickleWrapper,io.cucumber.testng.FeatureWrapper)[pri:0, instance:Hybrid_Test_Runner@4135c3b]" started-at="2025-08-07T08:10:08 IST" name="runScenario" description="Runs Cucumber Scenarios" data-provider="scenarios" finished-at="2025-08-07T08:10:08 IST" duration-ms="1" status="FAIL">
          <params>
            <param index="0">
              <value>
                <![CDATA["Testing login with different data"]]>
              </value>
            </param>
            <param index="1">
              <value>
                <![CDATA["Login Funtionality Testing"]]>
              </value>
            </param>
          </params>
          <exception class="java.lang.NullPointerException">
            <message>
              <![CDATA[Cannot invoke "org.openqa.selenium.WebDriver.manage()" because "this.driver" is null]]>
            </message>
            <full-stacktrace>
              <![CDATA[java.lang.NullPointerException: Cannot invoke "org.openqa.selenium.WebDriver.manage()" because "this.driver" is null
at stepdefinitions.Login_steps.browser_launch(Login_steps.java:24)
at ✽.Browser has launched(file:///Users/balaseshagiriprasadmunagala/eclipse-workspace/Hybrid_Automation_Framework/Features/LoginFeature.feature:13)
]]>
            </full-stacktrace>
          </exception> <!-- java.lang.NullPointerException -->
          <reporter-output>
          </reporter-output>
        </test-method> <!-- runScenario -->
        <test-method signature="runScenario(io.cucumber.testng.PickleWrapper,io.cucumber.testng.FeatureWrapper)[pri:0, instance:Hybrid_Test_Runner@4135c3b]" started-at="2025-08-07T08:10:08 IST" name="runScenario" description="Runs Cucumber Scenarios" data-provider="scenarios" finished-at="2025-08-07T08:10:08 IST" duration-ms="1" status="FAIL">
          <params>
            <param index="0">
              <value>
                <![CDATA["Testing login with different data"]]>
              </value>
            </param>
            <param index="1">
              <value>
                <![CDATA["Login Funtionality Testing"]]>
              </value>
            </param>
          </params>
          <exception class="java.lang.NullPointerException">
            <message>
              <![CDATA[Cannot invoke "org.openqa.selenium.WebDriver.manage()" because "this.driver" is null]]>
            </message>
            <full-stacktrace>
              <![CDATA[java.lang.NullPointerException: Cannot invoke "org.openqa.selenium.WebDriver.manage()" because "this.driver" is null
at stepdefinitions.Login_steps.browser_launch(Login_steps.java:24)
at ✽.Browser has launched(file:///Users/balaseshagiriprasadmunagala/eclipse-workspace/Hybrid_Automation_Framework/Features/LoginFeature.feature:13)
]]>
            </full-stacktrace>
          </exception> <!-- java.lang.NullPointerException -->
          <reporter-output>
          </reporter-output>
        </test-method> <!-- runScenario -->
        <test-method is-config="true" signature="tearDownClass()[pri:0, instance:Hybrid_Test_Runner@4135c3b]" started-at="2025-08-07T08:10:08 IST" name="tearDownClass" finished-at="2025-08-07T08:10:08 IST" duration-ms="0" status="PASS">
          <reporter-output>
          </reporter-output>
        </test-method> <!-- tearDownClass -->
      </class> <!-- Hybrid_Test_Runner -->
    </test> <!-- edgetest -->
    <test started-at="2025-08-07T08:10:08 IST" name="safaritest" finished-at="2025-08-07T08:10:08 IST" duration-ms="12">
      <class name="Hybrid_Test_Runner">
        <test-method is-config="true" signature="setUpClass(org.testng.ITestContext)[pri:0, instance:Hybrid_Test_Runner@5c6648b0]" started-at="2025-08-07T08:10:08 IST" name="setUpClass" finished-at="2025-08-07T08:10:08 IST" duration-ms="3" status="PASS">
          <params>
            <param index="0">
              <value>
                <![CDATA[org.testng.TestRunner@2b4c1d96]]>
              </value>
            </param>
          </params>
          <reporter-output>
          </reporter-output>
        </test-method> <!-- setUpClass -->
        <test-method signature="runScenario(io.cucumber.testng.PickleWrapper,io.cucumber.testng.FeatureWrapper)[pri:0, instance:Hybrid_Test_Runner@5c6648b0]" started-at="2025-08-07T08:10:08 IST" name="runScenario" description="Runs Cucumber Scenarios" data-provider="scenarios" finished-at="2025-08-07T08:10:08 IST" duration-ms="2" status="FAIL">
          <params>
            <param index="0">
              <value>
                <![CDATA[""]]>
              </value>
            </param>
            <param index="1">
              <value>
                <![CDATA["Login Funtionality Testing"]]>
              </value>
            </param>
          </params>
          <exception class="java.lang.NullPointerException">
            <message>
              <![CDATA[Cannot invoke "org.openqa.selenium.WebDriver.manage()" because "this.driver" is null]]>
            </message>
            <full-stacktrace>
              <![CDATA[java.lang.NullPointerException: Cannot invoke "org.openqa.selenium.WebDriver.manage()" because "this.driver" is null
at stepdefinitions.Login_steps.browser_launch(Login_steps.java:24)
at ✽.Browser has launched(file:///Users/balaseshagiriprasadmunagala/eclipse-workspace/Hybrid_Automation_Framework/Features/LoginFeature.feature:4)
]]>
            </full-stacktrace>
          </exception> <!-- java.lang.NullPointerException -->
          <reporter-output>
          </reporter-output>
        </test-method> <!-- runScenario -->
        <test-method signature="runScenario(io.cucumber.testng.PickleWrapper,io.cucumber.testng.FeatureWrapper)[pri:0, instance:Hybrid_Test_Runner@5c6648b0]" started-at="2025-08-07T08:10:08 IST" name="runScenario" description="Runs Cucumber Scenarios" data-provider="scenarios" finished-at="2025-08-07T08:10:08 IST" duration-ms="1" status="FAIL">
          <params>
            <param index="0">
              <value>
                <![CDATA["Testing login with different data"]]>
              </value>
            </param>
            <param index="1">
              <value>
                <![CDATA["Login Funtionality Testing"]]>
              </value>
            </param>
          </params>
          <exception class="java.lang.NullPointerException">
            <message>
              <![CDATA[Cannot invoke "org.openqa.selenium.WebDriver.manage()" because "this.driver" is null]]>
            </message>
            <full-stacktrace>
              <![CDATA[java.lang.NullPointerException: Cannot invoke "org.openqa.selenium.WebDriver.manage()" because "this.driver" is null
at stepdefinitions.Login_steps.browser_launch(Login_steps.java:24)
at ✽.Browser has launched(file:///Users/balaseshagiriprasadmunagala/eclipse-workspace/Hybrid_Automation_Framework/Features/LoginFeature.feature:13)
]]>
            </full-stacktrace>
          </exception> <!-- java.lang.NullPointerException -->
          <reporter-output>
          </reporter-output>
        </test-method> <!-- runScenario -->
        <test-method signature="runScenario(io.cucumber.testng.PickleWrapper,io.cucumber.testng.FeatureWrapper)[pri:0, instance:Hybrid_Test_Runner@5c6648b0]" started-at="2025-08-07T08:10:08 IST" name="runScenario" description="Runs Cucumber Scenarios" data-provider="scenarios" finished-at="2025-08-07T08:10:08 IST" duration-ms="1" status="FAIL">
          <params>
            <param index="0">
              <value>
                <![CDATA["Testing login with different data"]]>
              </value>
            </param>
            <param index="1">
              <value>
                <![CDATA["Login Funtionality Testing"]]>
              </value>
            </param>
          </params>
          <exception class="java.lang.NullPointerException">
            <message>
              <![CDATA[Cannot invoke "org.openqa.selenium.WebDriver.manage()" because "this.driver" is null]]>
            </message>
            <full-stacktrace>
              <![CDATA[java.lang.NullPointerException: Cannot invoke "org.openqa.selenium.WebDriver.manage()" because "this.driver" is null
at stepdefinitions.Login_steps.browser_launch(Login_steps.java:24)
at ✽.Browser has launched(file:///Users/balaseshagiriprasadmunagala/eclipse-workspace/Hybrid_Automation_Framework/Features/LoginFeature.feature:13)
]]>
            </full-stacktrace>
          </exception> <!-- java.lang.NullPointerException -->
          <reporter-output>
          </reporter-output>
        </test-method> <!-- runScenario -->
        <test-method signature="runScenario(io.cucumber.testng.PickleWrapper,io.cucumber.testng.FeatureWrapper)[pri:0, instance:Hybrid_Test_Runner@5c6648b0]" started-at="2025-08-07T08:10:08 IST" name="runScenario" description="Runs Cucumber Scenarios" data-provider="scenarios" finished-at="2025-08-07T08:10:08 IST" duration-ms="2" status="FAIL">
          <params>
            <param index="0">
              <value>
                <![CDATA["Testing login with different data"]]>
              </value>
            </param>
            <param index="1">
              <value>
                <![CDATA["Login Funtionality Testing"]]>
              </value>
            </param>
          </params>
          <exception class="java.lang.NullPointerException">
            <message>
              <![CDATA[Cannot invoke "org.openqa.selenium.WebDriver.manage()" because "this.driver" is null]]>
            </message>
            <full-stacktrace>
              <![CDATA[java.lang.NullPointerException: Cannot invoke "org.openqa.selenium.WebDriver.manage()" because "this.driver" is null
at stepdefinitions.Login_steps.browser_launch(Login_steps.java:24)
at ✽.Browser has launched(file:///Users/balaseshagiriprasadmunagala/eclipse-workspace/Hybrid_Automation_Framework/Features/LoginFeature.feature:13)
]]>
            </full-stacktrace>
          </exception> <!-- java.lang.NullPointerException -->
          <reporter-output>
          </reporter-output>
        </test-method> <!-- runScenario -->
        <test-method signature="runScenario(io.cucumber.testng.PickleWrapper,io.cucumber.testng.FeatureWrapper)[pri:0, instance:Hybrid_Test_Runner@5c6648b0]" started-at="2025-08-07T08:10:08 IST" name="runScenario" description="Runs Cucumber Scenarios" data-provider="scenarios" finished-at="2025-08-07T08:10:08 IST" duration-ms="1" status="FAIL">
          <params>
            <param index="0">
              <value>
                <![CDATA["Testing login with different data"]]>
              </value>
            </param>
            <param index="1">
              <value>
                <![CDATA["Login Funtionality Testing"]]>
              </value>
            </param>
          </params>
          <exception class="java.lang.NullPointerException">
            <message>
              <![CDATA[Cannot invoke "org.openqa.selenium.WebDriver.manage()" because "this.driver" is null]]>
            </message>
            <full-stacktrace>
              <![CDATA[java.lang.NullPointerException: Cannot invoke "org.openqa.selenium.WebDriver.manage()" because "this.driver" is null
at stepdefinitions.Login_steps.browser_launch(Login_steps.java:24)
at ✽.Browser has launched(file:///Users/balaseshagiriprasadmunagala/eclipse-workspace/Hybrid_Automation_Framework/Features/LoginFeature.feature:13)
]]>
            </full-stacktrace>
          </exception> <!-- java.lang.NullPointerException -->
          <reporter-output>
          </reporter-output>
        </test-method> <!-- runScenario -->
        <test-method is-config="true" signature="tearDownClass()[pri:0, instance:Hybrid_Test_Runner@5c6648b0]" started-at="2025-08-07T08:10:08 IST" name="tearDownClass" finished-at="2025-08-07T08:10:08 IST" duration-ms="0" status="PASS">
          <reporter-output>
          </reporter-output>
        </test-method> <!-- tearDownClass -->
      </class> <!-- Hybrid_Test_Runner -->
    </test> <!-- safaritest -->
    <test started-at="2025-08-07T08:10:08 IST" name="firefoxtest" finished-at="2025-08-07T08:10:08 IST" duration-ms="10">
      <class name="Hybrid_Test_Runner">
        <test-method is-config="true" signature="setUpClass(org.testng.ITestContext)[pri:0, instance:Hybrid_Test_Runner@7c7b252e]" started-at="2025-08-07T08:10:08 IST" name="setUpClass" finished-at="2025-08-07T08:10:08 IST" duration-ms="2" status="PASS">
          <params>
            <param index="0">
              <value>
                <![CDATA[org.testng.TestRunner@45fd9a4d]]>
              </value>
            </param>
          </params>
          <reporter-output>
          </reporter-output>
        </test-method> <!-- setUpClass -->
        <test-method signature="runScenario(io.cucumber.testng.PickleWrapper,io.cucumber.testng.FeatureWrapper)[pri:0, instance:Hybrid_Test_Runner@7c7b252e]" started-at="2025-08-07T08:10:08 IST" name="runScenario" description="Runs Cucumber Scenarios" data-provider="scenarios" finished-at="2025-08-07T08:10:08 IST" duration-ms="1" status="FAIL">
          <params>
            <param index="0">
              <value>
                <![CDATA[""]]>
              </value>
            </param>
            <param index="1">
              <value>
                <![CDATA["Login Funtionality Testing"]]>
              </value>
            </param>
          </params>
          <exception class="java.lang.NullPointerException">
            <message>
              <![CDATA[Cannot invoke "org.openqa.selenium.WebDriver.manage()" because "this.driver" is null]]>
            </message>
            <full-stacktrace>
              <![CDATA[java.lang.NullPointerException: Cannot invoke "org.openqa.selenium.WebDriver.manage()" because "this.driver" is null
at stepdefinitions.Login_steps.browser_launch(Login_steps.java:24)
at ✽.Browser has launched(file:///Users/balaseshagiriprasadmunagala/eclipse-workspace/Hybrid_Automation_Framework/Features/LoginFeature.feature:4)
]]>
            </full-stacktrace>
          </exception> <!-- java.lang.NullPointerException -->
          <reporter-output>
          </reporter-output>
        </test-method> <!-- runScenario -->
        <test-method signature="runScenario(io.cucumber.testng.PickleWrapper,io.cucumber.testng.FeatureWrapper)[pri:0, instance:Hybrid_Test_Runner@7c7b252e]" started-at="2025-08-07T08:10:08 IST" name="runScenario" description="Runs Cucumber Scenarios" data-provider="scenarios" finished-at="2025-08-07T08:10:08 IST" duration-ms="2" status="FAIL">
          <params>
            <param index="0">
              <value>
                <![CDATA["Testing login with different data"]]>
              </value>
            </param>
            <param index="1">
              <value>
                <![CDATA["Login Funtionality Testing"]]>
              </value>
            </param>
          </params>
          <exception class="java.lang.NullPointerException">
            <message>
              <![CDATA[Cannot invoke "org.openqa.selenium.WebDriver.manage()" because "this.driver" is null]]>
            </message>
            <full-stacktrace>
              <![CDATA[java.lang.NullPointerException: Cannot invoke "org.openqa.selenium.WebDriver.manage()" because "this.driver" is null
at stepdefinitions.Login_steps.browser_launch(Login_steps.java:24)
at ✽.Browser has launched(file:///Users/balaseshagiriprasadmunagala/eclipse-workspace/Hybrid_Automation_Framework/Features/LoginFeature.feature:13)
]]>
            </full-stacktrace>
          </exception> <!-- java.lang.NullPointerException -->
          <reporter-output>
          </reporter-output>
        </test-method> <!-- runScenario -->
        <test-method signature="runScenario(io.cucumber.testng.PickleWrapper,io.cucumber.testng.FeatureWrapper)[pri:0, instance:Hybrid_Test_Runner@7c7b252e]" started-at="2025-08-07T08:10:08 IST" name="runScenario" description="Runs Cucumber Scenarios" data-provider="scenarios" finished-at="2025-08-07T08:10:08 IST" duration-ms="1" status="FAIL">
          <params>
            <param index="0">
              <value>
                <![CDATA["Testing login with different data"]]>
              </value>
            </param>
            <param index="1">
              <value>
                <![CDATA["Login Funtionality Testing"]]>
              </value>
            </param>
          </params>
          <exception class="java.lang.NullPointerException">
            <message>
              <![CDATA[Cannot invoke "org.openqa.selenium.WebDriver.manage()" because "this.driver" is null]]>
            </message>
            <full-stacktrace>
              <![CDATA[java.lang.NullPointerException: Cannot invoke "org.openqa.selenium.WebDriver.manage()" because "this.driver" is null
at stepdefinitions.Login_steps.browser_launch(Login_steps.java:24)
at ✽.Browser has launched(file:///Users/balaseshagiriprasadmunagala/eclipse-workspace/Hybrid_Automation_Framework/Features/LoginFeature.feature:13)
]]>
            </full-stacktrace>
          </exception> <!-- java.lang.NullPointerException -->
          <reporter-output>
          </reporter-output>
        </test-method> <!-- runScenario -->
        <test-method signature="runScenario(io.cucumber.testng.PickleWrapper,io.cucumber.testng.FeatureWrapper)[pri:0, instance:Hybrid_Test_Runner@7c7b252e]" started-at="2025-08-07T08:10:08 IST" name="runScenario" description="Runs Cucumber Scenarios" data-provider="scenarios" finished-at="2025-08-07T08:10:08 IST" duration-ms="1" status="FAIL">
          <params>
            <param index="0">
              <value>
                <![CDATA["Testing login with different data"]]>
              </value>
            </param>
            <param index="1">
              <value>
                <![CDATA["Login Funtionality Testing"]]>
              </value>
            </param>
          </params>
          <exception class="java.lang.NullPointerException">
            <message>
              <![CDATA[Cannot invoke "org.openqa.selenium.WebDriver.manage()" because "this.driver" is null]]>
            </message>
            <full-stacktrace>
              <![CDATA[java.lang.NullPointerException: Cannot invoke "org.openqa.selenium.WebDriver.manage()" because "this.driver" is null
at stepdefinitions.Login_steps.browser_launch(Login_steps.java:24)
at ✽.Browser has launched(file:///Users/balaseshagiriprasadmunagala/eclipse-workspace/Hybrid_Automation_Framework/Features/LoginFeature.feature:13)
]]>
            </full-stacktrace>
          </exception> <!-- java.lang.NullPointerException -->
          <reporter-output>
          </reporter-output>
        </test-method> <!-- runScenario -->
        <test-method signature="runScenario(io.cucumber.testng.PickleWrapper,io.cucumber.testng.FeatureWrapper)[pri:0, instance:Hybrid_Test_Runner@7c7b252e]" started-at="2025-08-07T08:10:08 IST" name="runScenario" description="Runs Cucumber Scenarios" data-provider="scenarios" finished-at="2025-08-07T08:10:08 IST" duration-ms="1" status="FAIL">
          <params>
            <param index="0">
              <value>
                <![CDATA["Testing login with different data"]]>
              </value>
            </param>
            <param index="1">
              <value>
                <![CDATA["Login Funtionality Testing"]]>
              </value>
            </param>
          </params>
          <exception class="java.lang.NullPointerException">
            <message>
              <![CDATA[Cannot invoke "org.openqa.selenium.WebDriver.manage()" because "this.driver" is null]]>
            </message>
            <full-stacktrace>
              <![CDATA[java.lang.NullPointerException: Cannot invoke "org.openqa.selenium.WebDriver.manage()" because "this.driver" is null
at stepdefinitions.Login_steps.browser_launch(Login_steps.java:24)
at ✽.Browser has launched(file:///Users/balaseshagiriprasadmunagala/eclipse-workspace/Hybrid_Automation_Framework/Features/LoginFeature.feature:13)
]]>
            </full-stacktrace>
          </exception> <!-- java.lang.NullPointerException -->
          <reporter-output>
          </reporter-output>
        </test-method> <!-- runScenario -->
        <test-method is-config="true" signature="tearDownClass()[pri:0, instance:Hybrid_Test_Runner@7c7b252e]" started-at="2025-08-07T08:10:08 IST" name="tearDownClass" finished-at="2025-08-07T08:10:08 IST" duration-ms="0" status="PASS">
          <reporter-output>
          </reporter-output>
        </test-method> <!-- tearDownClass -->
      </class> <!-- Hybrid_Test_Runner -->
    </test> <!-- firefoxtest -->
  </suite> <!-- MasterSuite -->
</testng-results>
